<?xml version="1.0" encoding="UTF-8"?>
<!-- Generated by org.testng.reporters.JUnitReportReporter -->
<testsuite hostname="Fireking" name="com.first_Selenium.utility.LaunchIe" tests="1" failures="0" timestamp="23 Apr 2018 05:39:34 GMT" time="25.261" errors="0">
  <testcase name="launchurl" time="25.261" classname="com.first_Selenium.utility.LaunchIe"/>
</testsuite> <!-- com.first_Selenium.utility.LaunchIe -->
